PG1211+143  183.573625   14.053639
PG1552+085  238.685740    8.372626
PG1259+593  195.303887   59.035208
PG1700+518  255.353333   51.822222
PG1411+442  213.451377   44.003878
PG1322+659  200.956325   65.696713
PG1440+356  220.5310975  35.4397006
PG1444+407  221.691407   40.584933
PG1535+547  234.1598370  54.5592249
PG1448+273  222.786513   27.157478
BD+25d4655  330.118217   26.508130
4L09        135.708825   53.276270
PG1402+261  211.317557   25.926148
BD+75d325   123.210383   74.913840
PG1617+175  245.0470360  17.4076943
PG1519+226  230.309410   22.462186
PG1543+489  236.376005   48.769187
Hz44        201.094142   36.038890
PG1404+226  211.591179   22.396172
PG1415+451  214.253450   44.935110
4L14        151.252771   28.836770
PG1226+023  187.2779154   2.0523883
4L16        152.749829   29.971770
Mrk493      239.790122   35.029857
MGC+06-26-012 174.807978 33.930883
LL23        143.528708   38.798860
BD+28d4211  327.988696   28.936830
HD93521     162.333033   37.474470
PG2130+099  323.1158880  10.1387381
PHL1811     328.7562758  -9.3734258
P4          335.801092   20.083640
ARK564      340.6639388  29.7253637
P1          234.371912    4.636640
PG2233+134  339.032005   13.732033
PG0026+129    7.307083   13.267778
BD+33d2642  238.170846   32.894260
PG0157+001   29.9592135   0.3946155
Feige110    350.220400   -5.075280
Feige66     189.556388   24.967910
G191B2B      76.719437   52.841000
PHL1092      24.9822916667 6.32291944444
Ark120       79.0475833333 -0.149827777778
PG0804+761   122.744166667 76.0451388889
PG0838+770   131.188791667 76.8860277778
CM02         130.423625 40.8771361111
CM03         136.616833333 43.7069583333
CM05         144.741583333 61.6721
CM04         145.040666667 45.8807833333
CM06         146.530416667 49.9035861111
CM01         154.094166667 47.1120361111
KUG1031+398  158.660833333 39.6411583333
4L03         117.976021  24.855490
PG2112+059   318.719125   6.128472
IZW1          13.395585   12.693390
PG0043+039    11.446750    4.173139
PG0844+349   131.926939   34.751223
4L01         115.966751   27.210972
IRAS04416+1215 71.119901  12.353255
PG1048+342   162.932902   33.990751
PG1119+120   170.4462613  11.7384069
PG1115+407   169.626134   40.431675
PG1126-041   172.319423   -4.402109
PG1244+026   191.646866    2.369108
4L06         128.972748    5.888083
14L11        131.726021   47.754130
CM05         147.878508   61.584760
PG1626+554   247.086942   55.329760
HE1029-1401  157.976250   -14.280833
Mrk509       311.040577   -10.723484
